<?xml version="1.0" encoding="UTF-8"?>
<!-- Generated by org.testng.reporters.JUnitXMLReporter -->
<testsuite hostname="DESKTOP-1LKOS4U" ignored="0" name="Test" tests="6" failures="0" timestamp="2021-06-01T08:48:46 IST" time="0.031" errors="0">
  <testcase name="IosApps" time="0.003" classname="qaclickacademy.AppiumTest"/>
  <testcase name="NavtiveAppAndroid" time="0.0" classname="qaclickacademy.AppiumTest"/>
  <testcase name="browserAutomation" time="0.0" classname="qaclickacademy.SeleniumTest"/>
  <testcase name="elementUI" time="0.0" classname="qaclickacademy.SeleniumTest"/>
  <testcase name="deleteTwitter" time="0.0" classname="qaclickacademy.RestAPITest"/>
  <testcase name="postJira" time="0.0" classname="qaclickacademy.RestAPITest"/>
</testsuite> <!-- Test -->
