<?xml version="1.0" encoding="UTF-8"?>
<testng-results skipped="0" failed="0" ignored="0" total="6" passed="6">
  <reporter-output>
  </reporter-output>
  <suite name="Suite" duration-ms="31" started-at="2021-06-01T08:48:46 IST" finished-at="2021-06-01T08:48:46 IST">
    <groups>
    </groups>
    <test name="Test" duration-ms="31" started-at="2021-06-01T08:48:46 IST" finished-at="2021-06-01T08:48:46 IST">
      <class name="qaclickacademy.AppiumTest">
        <test-method status="PASS" signature="IosApps()[pri:0, instance:qaclickacademy.AppiumTest@ec5a4a]" name="IosApps" duration-ms="3" started-at="2021-06-01T08:48:46 IST" finished-at="2021-06-01T08:48:46 IST">
          <reporter-output>
          </reporter-output>
        </test-method> <!-- IosApps -->
        <test-method status="PASS" signature="NavtiveAppAndroid()[pri:0, instance:qaclickacademy.AppiumTest@ec5a4a]" name="NavtiveAppAndroid" duration-ms="0" started-at="2021-06-01T08:48:46 IST" finished-at="2021-06-01T08:48:46 IST">
          <reporter-output>
          </reporter-output>
        </test-method> <!-- NavtiveAppAndroid -->
      </class> <!-- qaclickacademy.AppiumTest -->
      <class name="qaclickacademy.RestAPITest">
        <test-method status="PASS" signature="deleteTwitter()[pri:0, instance:qaclickacademy.RestAPITest@116f93d]" name="deleteTwitter" duration-ms="0" started-at="2021-06-01T08:48:46 IST" finished-at="2021-06-01T08:48:46 IST">
          <reporter-output>
          </reporter-output>
        </test-method> <!-- deleteTwitter -->
        <test-method status="PASS" signature="postJira()[pri:0, instance:qaclickacademy.RestAPITest@116f93d]" name="postJira" duration-ms="0" started-at="2021-06-01T08:48:46 IST" finished-at="2021-06-01T08:48:46 IST">
          <reporter-output>
          </reporter-output>
        </test-method> <!-- postJira -->
      </class> <!-- qaclickacademy.RestAPITest -->
      <class name="qaclickacademy.SeleniumTest">
        <test-method status="PASS" signature="browserAutomation()[pri:0, instance:qaclickacademy.SeleniumTest@125a3ee]" name="browserAutomation" duration-ms="0" started-at="2021-06-01T08:48:46 IST" finished-at="2021-06-01T08:48:46 IST">
          <reporter-output>
          </reporter-output>
        </test-method> <!-- browserAutomation -->
        <test-method status="PASS" signature="elementUI()[pri:0, instance:qaclickacademy.SeleniumTest@125a3ee]" name="elementUI" duration-ms="0" started-at="2021-06-01T08:48:46 IST" finished-at="2021-06-01T08:48:46 IST">
          <reporter-output>
          </reporter-output>
        </test-method> <!-- elementUI -->
      </class> <!-- qaclickacademy.SeleniumTest -->
    </test> <!-- Test -->
  </suite> <!-- Suite -->
</testng-results>
