<?xml version="1.0" encoding="UTF-8"?>
<testng-results ignored="0" total="2" passed="2" failed="0" skipped="0">
  <reporter-output>
  </reporter-output>
  <suite started-at="2021-05-31T09:50:39 IST" name="Default suite" finished-at="2021-05-31T09:50:39 IST" duration-ms="31">
    <groups>
    </groups>
    <test started-at="2021-05-31T09:50:39 IST" name="Default test" finished-at="2021-05-31T09:50:39 IST" duration-ms="31">
      <class name="qaclickacademy.AppiumTest">
        <test-method signature="IosApps()[pri:0, instance:qaclickacademy.AppiumTest@574b560f]" started-at="2021-05-31T09:50:39 IST" name="IosApps" finished-at="2021-05-31T09:50:39 IST" duration-ms="6" status="PASS">
          <reporter-output>
          </reporter-output>
        </test-method> <!-- IosApps -->
        <test-method signature="NavtiveAppAndroid()[pri:0, instance:qaclickacademy.AppiumTest@574b560f]" started-at="2021-05-31T09:50:39 IST" name="NavtiveAppAndroid" finished-at="2021-05-31T09:50:39 IST" duration-ms="1" status="PASS">
          <reporter-output>
          </reporter-output>
        </test-method> <!-- NavtiveAppAndroid -->
      </class> <!-- qaclickacademy.AppiumTest -->
    </test> <!-- Default test -->
  </suite> <!-- Default suite -->
</testng-results>
